android/app/build/intermediates/manifest_merge_blame_file/release/manifest-merger-blame-release-report.txt
1<?xml version="1.0" encoding="utf-8"?>
2<manifest xmlns:android="http://schemas.android.com/apk/res/android"
3    package="com.monitoring"
4    android:versionCode="1"
5    android:versionName="1.0" >
6
7    <uses-sdk
8        android:minSdkVersion="21"
8-->src\main\AndroidManifest.xml
9        android:targetSdkVersion="33" />
9-->src\main\AndroidManifest.xml
10
11    <uses-permission android:name="android.permission.INTERNET" />
11-->src\main\AndroidManifest.xml:4:5-66
11-->src\main\AndroidManifest.xml:4:22-64
12    <uses-permission android:name="android.permission.CAMERA" />
12-->src\main\AndroidManifest.xml:5:5-64
12-->src\main\AndroidManifest.xml:5:22-62
13    <uses-permission android:name="android.permission.WRITE_EXTERNAL_STORAGE" />
13-->src\main\AndroidManifest.xml:6:5-80
13-->src\main\AndroidManifest.xml:6:22-78
14    <uses-permission android:name="android.permission.ACCESS_FINE_LOCATION" />
14-->src\main\AndroidManifest.xml:7:5-78
14-->src\main\AndroidManifest.xml:7:22-76
15
16    <application
16-->src\main\AndroidManifest.xml:10:5-34:19
17        android:name="com.monitoring.MainApplication"
17-->src\main\AndroidManifest.xml:11:13-44
18        android:allowBackup="false"
18-->src\main\AndroidManifest.xml:15:13-40
19        android:appComponentFactory="androidx.core.app.CoreComponentFactory"
19-->[androidx.core:core:1.7.0] AndroidManifest.xml:24:18-86
20        android:icon="@mipmap/ic_launcher"
20-->src\main\AndroidManifest.xml:13:13-47
21        android:label="@string/app_name"
21-->src\main\AndroidManifest.xml:12:13-45
22        android:requestLegacyExternalStorage="true"
22-->src\main\AndroidManifest.xml:17:13-56
23        android:roundIcon="@mipmap/ic_launcher_round"
23-->src\main\AndroidManifest.xml:14:13-58
24        android:theme="@style/AppTheme" >
24-->src\main\AndroidManifest.xml:16:13-44
25        <activity
25-->src\main\AndroidManifest.xml:20:9-33:20
26            android:name="com.monitoring.MainActivity"
26-->src\main\AndroidManifest.xml:21:17-45
27            android:configChanges="keyboard|keyboardHidden|orientation|screenLayout|screenSize|smallestScreenSize|uiMode"
27-->src\main\AndroidManifest.xml:23:17-126
28            android:exported="true"
28-->src\main\AndroidManifest.xml:27:17-40
29            android:label="@string/app_name"
29-->src\main\AndroidManifest.xml:22:17-49
30            android:launchMode="singleTask"
30-->src\main\AndroidManifest.xml:24:17-48
31            android:screenOrientation="portrait"
31-->src\main\AndroidManifest.xml:25:17-53
32            android:windowSoftInputMode="adjustResize" >
32-->src\main\AndroidManifest.xml:26:17-59
33            <intent-filter>
33-->src\main\AndroidManifest.xml:29:13-32:29
34                <action android:name="android.intent.action.MAIN" />
34-->src\main\AndroidManifest.xml:30:17-68
34-->src\main\AndroidManifest.xml:30:25-66
35
36                <category android:name="android.intent.category.LAUNCHER" />
36-->src\main\AndroidManifest.xml:31:17-76
36-->src\main\AndroidManifest.xml:31:27-74
37            </intent-filter>
38        </activity>
39
40        <provider
40-->[:react-native-image-picker] AndroidManifest.xml:10:9-18:20
41            android:name="com.imagepicker.ImagePickerProvider"
41-->[:react-native-image-picker] AndroidManifest.xml:11:13-63
42            android:authorities="com.monitoring.imagepickerprovider"
42-->[:react-native-image-picker] AndroidManifest.xml:12:13-71
43            android:exported="false"
43-->[:react-native-image-picker] AndroidManifest.xml:13:13-37
44            android:grantUriPermissions="true" >
44-->[:react-native-image-picker] AndroidManifest.xml:14:13-47
45            <meta-data
45-->[:react-native-image-picker] AndroidManifest.xml:15:13-17:70
46                android:name="android.support.FILE_PROVIDER_PATHS"
46-->[:react-native-image-picker] AndroidManifest.xml:16:17-67
47                android:resource="@xml/imagepicker_provider_paths" />
47-->[:react-native-image-picker] AndroidManifest.xml:17:17-67
48        </provider>
49
50        <activity
50-->[com.google.android.gms:play-services-base:18.0.1] AndroidManifest.xml:20:9-22:45
51            android:name="com.google.android.gms.common.api.GoogleApiActivity"
51-->[com.google.android.gms:play-services-base:18.0.1] AndroidManifest.xml:20:19-85
52            android:exported="false"
52-->[com.google.android.gms:play-services-base:18.0.1] AndroidManifest.xml:22:19-43
53            android:theme="@android:style/Theme.Translucent.NoTitleBar" />
53-->[com.google.android.gms:play-services-base:18.0.1] AndroidManifest.xml:21:19-78
54
55        <meta-data
55-->[com.google.android.gms:play-services-basement:18.0.0] AndroidManifest.xml:21:9-23:69
56            android:name="com.google.android.gms.version"
56-->[com.google.android.gms:play-services-basement:18.0.0] AndroidManifest.xml:22:13-58
57            android:value="@integer/google_play_services_version" />
57-->[com.google.android.gms:play-services-basement:18.0.0] AndroidManifest.xml:23:13-66
58
59        <provider
59-->[androidx.emoji2:emoji2:1.0.0] AndroidManifest.xml:26:9-34:20
60            android:name="androidx.startup.InitializationProvider"
60-->[androidx.emoji2:emoji2:1.0.0] AndroidManifest.xml:27:13-67
61            android:authorities="com.monitoring.androidx-startup"
61-->[androidx.emoji2:emoji2:1.0.0] AndroidManifest.xml:28:13-68
62            android:exported="false" >
62-->[androidx.emoji2:emoji2:1.0.0] AndroidManifest.xml:29:13-37
63            <meta-data
63-->[androidx.emoji2:emoji2:1.0.0] AndroidManifest.xml:31:13-33:52
64                android:name="androidx.emoji2.text.EmojiCompatInitializer"
64-->[androidx.emoji2:emoji2:1.0.0] AndroidManifest.xml:32:17-75
65                android:value="androidx.startup" />
65-->[androidx.emoji2:emoji2:1.0.0] AndroidManifest.xml:33:17-49
66            <meta-data
66-->[androidx.lifecycle:lifecycle-process:2.4.0] AndroidManifest.xml:31:13-33:52
67                android:name="androidx.lifecycle.ProcessLifecycleInitializer"
67-->[androidx.lifecycle:lifecycle-process:2.4.0] AndroidManifest.xml:32:17-78
68                android:value="androidx.startup" />
68-->[androidx.lifecycle:lifecycle-process:2.4.0] AndroidManifest.xml:33:17-49
69        </provider>
70    </application>
71
72</manifest>